# JRE version: Java(TM) SE Runtime Environment (8.0_191-b12) (build 1.8.0_191-b12)
# Java VM: Java HotSpot(TM) 64-Bit Server VM (25.191-b12 mixed mode windows-amd64 compressed oops)
Heap:
 PSYoungGen      total 220160K, used 195116K [0x000000076b700000, 0x0000000779b80000, 0x00000007c0000000)
  eden space 205824K, 94% used [0x000000076b700000,0x000000077758b050,0x0000000778000000)
  from space 14336K, 0% used [0x0000000778d80000,0x0000000778d80000,0x0000000779b80000)
  to   space 13824K, 0% used [0x0000000778000000,0x0000000778000000,0x0000000778d80000)
 ParOldGen       total 150016K, used 13270K [0x00000006c2400000, 0x00000006cb680000, 0x000000076b700000)
  object space 150016K, 8% used [0x00000006c2400000,0x00000006c30f5b80,0x00000006cb680000)
 Metaspace       used 53110K, capacity 56384K, committed 56576K, reserved 1099776K
  class space    used 7107K, capacity 7661K, committed 7680K, reserved 1048576K
GC Heap History (10 events):
Event: 1.636 GC heap before
{Heap before GC invocations=4 (full 0):
 PSYoungGen      total 75776K, used 52739K [0x000000076b700000, 0x0000000774b00000, 0x00000007c0000000)
  eden space 65024K, 65% used [0x000000076b700000,0x000000076e0b83e8,0x000000076f680000)
  from space 10752K, 93% used [0x000000076f680000,0x0000000770048858,0x0000000770100000)
  to   space 10752K, 0% used [0x0000000774080000,0x0000000774080000,0x0000000774b00000)
 ParOldGen       total 173568K, used 32K [0x00000006c2400000, 0x00000006ccd80000, 0x000000076b700000)
  object space 173568K, 0% used [0x00000006c2400000,0x00000006c2408000,0x00000006ccd80000)
 Metaspace       used 20344K, capacity 21188K, committed 21296K, reserved 1069056K
  class space    used 2520K, capacity 2725K, committed 2816K, reserved 1048576K
Event: 1.640 GC heap after
Heap after GC invocations=4 (full 0):
 PSYoungGen      total 140800K, used 6146K [0x000000076b700000, 0x0000000774b00000, 0x00000007c0000000)
  eden space 130048K, 0% used [0x000000076b700000,0x000000076b700000,0x0000000773600000)
  from space 10752K, 57% used [0x0000000774080000,0x0000000774680b40,0x0000000774b00000)
  to   space 10752K, 0% used [0x0000000773600000,0x0000000773600000,0x0000000774080000)
 ParOldGen       total 173568K, used 40K [0x00000006c2400000, 0x00000006ccd80000, 0x000000076b700000)
  object space 173568K, 0% used [0x00000006c2400000,0x00000006c240a000,0x00000006ccd80000)
 Metaspace       used 20344K, capacity 21188K, committed 21296K, reserved 1069056K
  class space    used 2520K, capacity 2725K, committed 2816K, reserved 1048576K
}
Event: 1.640 GC heap before
{Heap before GC invocations=5 (full 1):
 PSYoungGen      total 140800K, used 6146K [0x000000076b700000, 0x0000000774b00000, 0x00000007c0000000)
  eden space 130048K, 0% used [0x000000076b700000,0x000000076b700000,0x0000000773600000)
  from space 10752K, 57% used [0x0000000774080000,0x0000000774680b40,0x0000000774b00000)
  to   space 10752K, 0% used [0x0000000773600000,0x0000000773600000,0x0000000774080000)
 ParOldGen       total 173568K, used 40K [0x00000006c2400000, 0x00000006ccd80000, 0x000000076b700000)
  object space 173568K, 0% used [0x00000006c2400000,0x00000006c240a000,0x00000006ccd80000)
 Metaspace       used 20344K, capacity 21188K, committed 21296K, reserved 1069056K
  class space    used 2520K, capacity 2725K, committed 2816K, reserved 1048576K
Event: 1.658 GC heap after
Heap after GC invocations=5 (full 1):
 PSYoungGen      total 140800K, used 0K [0x000000076b700000, 0x0000000774b00000, 0x00000007c0000000)
  eden space 130048K, 0% used [0x000000076b700000,0x000000076b700000,0x0000000773600000)
  from space 10752K, 0% used [0x0000000774080000,0x0000000774080000,0x0000000774b00000)
  to   space 10752K, 0% used [0x0000000773600000,0x0000000773600000,0x0000000774080000)
 ParOldGen       total 96256K, used 5966K [0x00000006c2400000, 0x00000006c8200000, 0x000000076b700000)
  object space 96256K, 6% used [0x00000006c2400000,0x00000006c29d39d8,0x00000006c8200000)
 Metaspace       used 20344K, capacity 21188K, committed 21296K, reserved 1069056K
  class space    used 2520K, capacity 2725K, committed 2816K, reserved 1048576K
}
Event: 3.257 GC heap before
{Heap before GC invocations=6 (full 1):
 PSYoungGen      total 140800K, used 130048K [0x000000076b700000, 0x0000000774b00000, 0x00000007c0000000)
  eden space 130048K, 100% used [0x000000076b700000,0x0000000773600000,0x0000000773600000)
  from space 10752K, 0% used [0x0000000774080000,0x0000000774080000,0x0000000774b00000)
  to   space 10752K, 0% used [0x0000000773600000,0x0000000773600000,0x0000000774080000)
 ParOldGen       total 96256K, used 5966K [0x00000006c2400000, 0x00000006c8200000, 0x000000076b700000)
  object space 96256K, 6% used [0x00000006c2400000,0x00000006c29d39d8,0x00000006c8200000)
 Metaspace       used 29963K, capacity 31994K, committed 32128K, reserved 1077248K
  class space    used 3822K, capacity 4163K, committed 4224K, reserved 1048576K
Event: 3.268 GC heap after
Heap after GC invocations=6 (full 1):
 PSYoungGen      total 140800K, used 10746K [0x000000076b700000, 0x0000000779b80000, 0x00000007c0000000)
  eden space 130048K, 0% used [0x000000076b700000,0x000000076b700000,0x0000000773600000)
  from space 10752K, 99% used [0x0000000773600000,0x000000077407e880,0x0000000774080000)
  to   space 14336K, 0% used [0x0000000778d80000,0x0000000778d80000,0x0000000779b80000)
 ParOldGen       total 96256K, used 7827K [0x00000006c2400000, 0x00000006c8200000, 0x000000076b700000)
  object space 96256K, 8% used [0x00000006c2400000,0x00000006c2ba4f30,0x00000006c8200000)
 Metaspace       used 29963K, capacity 31994K, committed 32128K, reserved 1077248K
  class space    used 3822K, capacity 4163K, committed 4224K, reserved 1048576K
}
Event: 3.682 GC heap before
{Heap before GC invocations=7 (full 1):
 PSYoungGen      total 140800K, used 129227K [0x000000076b700000, 0x0000000779b80000, 0x00000007c0000000)
  eden space 130048K, 91% used [0x000000076b700000,0x0000000772ab4778,0x0000000773600000)
  from space 10752K, 99% used [0x0000000773600000,0x000000077407e880,0x0000000774080000)
  to   space 14336K, 0% used [0x0000000778d80000,0x0000000778d80000,0x0000000779b80000)
 ParOldGen       total 96256K, used 7827K [0x00000006c2400000, 0x00000006c8200000, 0x000000076b700000)
  object space 96256K, 8% used [0x00000006c2400000,0x00000006c2ba4f30,0x00000006c8200000)
 Metaspace       used 33235K, capacity 35406K, committed 35496K, reserved 1081344K
  class space    used 4234K, capacity 4607K, committed 4608K, reserved 1048576K
Event: 3.689 GC heap after
Heap after GC invocations=7 (full 1):
 PSYoungGen      total 220160K, used 9097K [0x000000076b700000, 0x0000000779b80000, 0x00000007c0000000)
  eden space 205824K, 0% used [0x000000076b700000,0x000000076b700000,0x0000000778000000)
  from space 14336K, 63% used [0x0000000778d80000,0x00000007796626b8,0x0000000779b80000)
  to   space 13824K, 0% used [0x0000000778000000,0x0000000778000000,0x0000000778d80000)
 ParOldGen       total 96256K, used 7835K [0x00000006c2400000, 0x00000006c8200000, 0x000000076b700000)
  object space 96256K, 8% used [0x00000006c2400000,0x00000006c2ba6f30,0x00000006c8200000)
 Metaspace       used 33235K, capacity 35406K, committed 35496K, reserved 1081344K
  class space    used 4234K, capacity 4607K, committed 4608K, reserved 1048576K
}
Event: 3.689 GC heap before
{Heap before GC invocations=8 (full 2):
 PSYoungGen      total 220160K, used 9097K [0x000000076b700000, 0x0000000779b80000, 0x00000007c0000000)
  eden space 205824K, 0% used [0x000000076b700000,0x000000076b700000,0x0000000778000000)
  from space 14336K, 63% used [0x0000000778d80000,0x00000007796626b8,0x0000000779b80000)
  to   space 13824K, 0% used [0x0000000778000000,0x0000000778000000,0x0000000778d80000)
 ParOldGen       total 96256K, used 7835K [0x00000006c2400000, 0x00000006c8200000, 0x000000076b700000)
  object space 96256K, 8% used [0x00000006c2400000,0x00000006c2ba6f30,0x00000006c8200000)
 Metaspace       used 33235K, capacity 35406K, committed 35496K, reserved 1081344K
  class space    used 4234K, capacity 4607K, committed 4608K, reserved 1048576K
Event: 3.729 GC heap after
Heap after GC invocations=8 (full 2):
 PSYoungGen      total 220160K, used 0K [0x000000076b700000, 0x0000000779b80000, 0x00000007c0000000)
  eden space 205824K, 0% used [0x000000076b700000,0x000000076b700000,0x0000000778000000)
  from space 14336K, 0% used [0x0000000778d80000,0x0000000778d80000,0x0000000779b80000)
  to   space 13824K, 0% used [0x0000000778000000,0x0000000778000000,0x0000000778d80000)
 ParOldGen       total 150016K, used 13270K [0x00000006c2400000, 0x00000006cb680000, 0x000000076b700000)
  object space 150016K, 8% used [0x00000006c2400000,0x00000006c30f5b80,0x00000006cb680000)
 Metaspace       used 33235K, capacity 35406K, committed 35496K, reserved 1081344K
  class space    used 4234K, capacity 4607K, committed 4608K, reserved 1048576K
}

