# JRE version: Java(TM) SE Runtime Environment (8.0_191-b12) (build 1.8.0_191-b12)
# Java VM: Java HotSpot(TM) 64-Bit Server VM (25.191-b12 mixed mode windows-amd64 compressed oops)
Heap:
 PSYoungGen      total 316416K, used 22004K [0x000000076b700000, 0x0000000780400000, 0x00000007c0000000)
  eden space 295936K, 7% used [0x000000076b700000,0x000000076cc7d128,0x000000077d800000)
  from space 20480K, 0% used [0x000000077eb80000,0x000000077eb80000,0x000000077ff80000)
  to   space 19968K, 0% used [0x000000077d800000,0x000000077d800000,0x000000077eb80000)
 ParOldGen       total 150528K, used 22293K [0x00000006c2400000, 0x00000006cb700000, 0x000000076b700000)
  object space 150528K, 14% used [0x00000006c2400000,0x00000006c39c5600,0x00000006cb700000)
 Metaspace       used 56094K, capacity 59791K, committed 59904K, reserved 1101824K
  class space    used 7551K, capacity 8169K, committed 8192K, reserved 1048576K
GC Heap History (10 events):
Event: 3.881 GC heap before
{Heap before GC invocations=7 (full 1):
 PSYoungGen      total 140800K, used 128550K [0x000000076b700000, 0x0000000779a00000, 0x00000007c0000000)
  eden space 130048K, 90% used [0x000000076b700000,0x0000000772a0e838,0x0000000773600000)
  from space 10752K, 99% used [0x0000000773600000,0x000000077407b310,0x0000000774080000)
  to   space 13824K, 0% used [0x0000000778c80000,0x0000000778c80000,0x0000000779a00000)
 ParOldGen       total 96256K, used 7829K [0x00000006c2400000, 0x00000006c8200000, 0x000000076b700000)
  object space 96256K, 8% used [0x00000006c2400000,0x00000006c2ba5788,0x00000006c8200000)
 Metaspace       used 33232K, capacity 35406K, committed 35496K, reserved 1081344K
  class space    used 4237K, capacity 4607K, committed 4608K, reserved 1048576K
Event: 3.886 GC heap after
Heap after GC invocations=7 (full 1):
 PSYoungGen      total 212480K, used 9003K [0x000000076b700000, 0x0000000779700000, 0x00000007c0000000)
  eden space 201728K, 0% used [0x000000076b700000,0x000000076b700000,0x0000000777c00000)
  from space 10752K, 83% used [0x0000000778c80000,0x000000077954ad90,0x0000000779700000)
  to   space 13824K, 0% used [0x0000000777c00000,0x0000000777c00000,0x0000000778980000)
 ParOldGen       total 96256K, used 7837K [0x00000006c2400000, 0x00000006c8200000, 0x000000076b700000)
  object space 96256K, 8% used [0x00000006c2400000,0x00000006c2ba7788,0x00000006c8200000)
 Metaspace       used 33232K, capacity 35406K, committed 35496K, reserved 1081344K
  class space    used 4237K, capacity 4607K, committed 4608K, reserved 1048576K
}
Event: 3.886 GC heap before
{Heap before GC invocations=8 (full 2):
 PSYoungGen      total 212480K, used 9003K [0x000000076b700000, 0x0000000779700000, 0x00000007c0000000)
  eden space 201728K, 0% used [0x000000076b700000,0x000000076b700000,0x0000000777c00000)
  from space 10752K, 83% used [0x0000000778c80000,0x000000077954ad90,0x0000000779700000)
  to   space 13824K, 0% used [0x0000000777c00000,0x0000000777c00000,0x0000000778980000)
 ParOldGen       total 96256K, used 7837K [0x00000006c2400000, 0x00000006c8200000, 0x000000076b700000)
  object space 96256K, 8% used [0x00000006c2400000,0x00000006c2ba7788,0x00000006c8200000)
 Metaspace       used 33232K, capacity 35406K, committed 35496K, reserved 1081344K
  class space    used 4237K, capacity 4607K, committed 4608K, reserved 1048576K
Event: 3.927 GC heap after
Heap after GC invocations=8 (full 2):
 PSYoungGen      total 212480K, used 0K [0x000000076b700000, 0x0000000779700000, 0x00000007c0000000)
  eden space 201728K, 0% used [0x000000076b700000,0x000000076b700000,0x0000000777c00000)
  from space 10752K, 0% used [0x0000000778c80000,0x0000000778c80000,0x0000000779700000)
  to   space 13824K, 0% used [0x0000000777c00000,0x0000000777c00000,0x0000000778980000)
 ParOldGen       total 150528K, used 13374K [0x00000006c2400000, 0x00000006cb700000, 0x000000076b700000)
  object space 150528K, 8% used [0x00000006c2400000,0x00000006c310fbd8,0x00000006cb700000)
 Metaspace       used 33232K, capacity 35406K, committed 35496K, reserved 1081344K
  class space    used 4237K, capacity 4607K, committed 4608K, reserved 1048576K
}
Event: 6.699 GC heap before
{Heap before GC invocations=9 (full 2):
 PSYoungGen      total 212480K, used 201728K [0x000000076b700000, 0x0000000779700000, 0x00000007c0000000)
  eden space 201728K, 100% used [0x000000076b700000,0x0000000777c00000,0x0000000777c00000)
  from space 10752K, 0% used [0x0000000778c80000,0x0000000778c80000,0x0000000779700000)
  to   space 13824K, 0% used [0x0000000777c00000,0x0000000777c00000,0x0000000778980000)
 ParOldGen       total 150528K, used 13374K [0x00000006c2400000, 0x00000006cb700000, 0x000000076b700000)
  object space 150528K, 8% used [0x00000006c2400000,0x00000006c310fbd8,0x00000006cb700000)
 Metaspace       used 53644K, capacity 56868K, committed 56960K, reserved 1097728K
  class space    used 7183K, capacity 7731K, committed 7808K, reserved 1048576K
Event: 6.721 GC heap after
Heap after GC invocations=9 (full 2):
 PSYoungGen      total 215552K, used 13810K [0x000000076b700000, 0x000000077ff80000, 0x00000007c0000000)
  eden space 201728K, 0% used [0x000000076b700000,0x000000076b700000,0x0000000777c00000)
  from space 13824K, 99% used [0x0000000777c00000,0x000000077897c978,0x0000000778980000)
  to   space 20480K, 0% used [0x000000077eb80000,0x000000077eb80000,0x000000077ff80000)
 ParOldGen       total 150528K, used 23259K [0x00000006c2400000, 0x00000006cb700000, 0x000000076b700000)
  object space 150528K, 15% used [0x00000006c2400000,0x00000006c3ab6d80,0x00000006cb700000)
 Metaspace       used 53644K, capacity 56868K, committed 56960K, reserved 1097728K
  class space    used 7183K, capacity 7731K, committed 7808K, reserved 1048576K
}
Event: 7.098 GC heap before
{Heap before GC invocations=10 (full 2):
 PSYoungGen      total 215552K, used 49238K [0x000000076b700000, 0x000000077ff80000, 0x00000007c0000000)
  eden space 201728K, 17% used [0x000000076b700000,0x000000076d999118,0x0000000777c00000)
  from space 13824K, 99% used [0x0000000777c00000,0x000000077897c978,0x0000000778980000)
  to   space 20480K, 0% used [0x000000077eb80000,0x000000077eb80000,0x000000077ff80000)
 ParOldGen       total 150528K, used 23259K [0x00000006c2400000, 0x00000006cb700000, 0x000000076b700000)
  object space 150528K, 15% used [0x00000006c2400000,0x00000006c3ab6d80,0x00000006cb700000)
 Metaspace       used 55627K, capacity 59155K, committed 59160K, reserved 1099776K
  class space    used 7463K, capacity 8064K, committed 8064K, reserved 1048576K
Event: 7.106 GC heap after
Heap after GC invocations=10 (full 2):
 PSYoungGen      total 316416K, used 12041K [0x000000076b700000, 0x0000000780400000, 0x00000007c0000000)
  eden space 295936K, 0% used [0x000000076b700000,0x000000076b700000,0x000000077d800000)
  from space 20480K, 58% used [0x000000077eb80000,0x000000077f742678,0x000000077ff80000)
  to   space 19968K, 0% used [0x000000077d800000,0x000000077d800000,0x000000077eb80000)
 ParOldGen       total 150528K, used 23267K [0x00000006c2400000, 0x00000006cb700000, 0x000000076b700000)
  object space 150528K, 15% used [0x00000006c2400000,0x00000006c3ab8d80,0x00000006cb700000)
 Metaspace       used 55627K, capacity 59155K, committed 59160K, reserved 1099776K
  class space    used 7463K, capacity 8064K, committed 8064K, reserved 1048576K
}
Event: 7.106 GC heap before
{Heap before GC invocations=11 (full 3):
 PSYoungGen      total 316416K, used 12041K [0x000000076b700000, 0x0000000780400000, 0x00000007c0000000)
  eden space 295936K, 0% used [0x000000076b700000,0x000000076b700000,0x000000077d800000)
  from space 20480K, 58% used [0x000000077eb80000,0x000000077f742678,0x000000077ff80000)
  to   space 19968K, 0% used [0x000000077d800000,0x000000077d800000,0x000000077eb80000)
 ParOldGen       total 150528K, used 23267K [0x00000006c2400000, 0x00000006cb700000, 0x000000076b700000)
  object space 150528K, 15% used [0x00000006c2400000,0x00000006c3ab8d80,0x00000006cb700000)
 Metaspace       used 55627K, capacity 59155K, committed 59160K, reserved 1099776K
  class space    used 7463K, capacity 8064K, committed 8064K, reserved 1048576K
Event: 7.266 GC heap after
Heap after GC invocations=11 (full 3):
 PSYoungGen      total 316416K, used 0K [0x000000076b700000, 0x0000000780400000, 0x00000007c0000000)
  eden space 295936K, 0% used [0x000000076b700000,0x000000076b700000,0x000000077d800000)
  from space 20480K, 0% used [0x000000077eb80000,0x000000077eb80000,0x000000077ff80000)
  to   space 19968K, 0% used [0x000000077d800000,0x000000077d800000,0x000000077eb80000)
 ParOldGen       total 150528K, used 22293K [0x00000006c2400000, 0x00000006cb700000, 0x000000076b700000)
  object space 150528K, 14% used [0x00000006c2400000,0x00000006c39c5600,0x00000006cb700000)
 Metaspace       used 55627K, capacity 59155K, committed 59160K, reserved 1099776K
  class space    used 7463K, capacity 8064K, committed 8064K, reserved 1048576K
}

